<?xml version="1.0" encoding="UTF-8"?>
<!-- Generated by org.testng.reporters.JUnitReportReporter -->
<testsuite skipped="0" hostname="IE3BLTH62GSC2" name="testcases.TrialMPC" tests="1" failures="0" timestamp="5 Jul 2017 05:17:55 GMT" time="42.890" errors="0">
  <testcase name="Login" time="42.890" classname="testcases.TrialMPC"/>
</testsuite> <!-- testcases.TrialMPC -->
