<?xml version="1.0" encoding="UTF-8"?>
<!-- Generated by org.testng.reporters.JUnitReportReporter -->
<testsuite skipped="2" hostname="IE3BLTH62GSC2" name="testcases.ApplicationTest" tests="3" failures="0" timestamp="9 Mar 2017 06:19:43 GMT" time="0.003" errors="0">
  <testcase name="doLogout" time="0.000" classname="testcases.ApplicationTest">
    <skipped/>
  </testcase> <!-- doLogout -->
  <testcase name="doPasswordChange" time="0.002" classname="testcases.ApplicationTest">
    <skipped/>
  </testcase> <!-- doPasswordChange -->
  <testcase name="doLogin" time="0.001" classname="testcases.ApplicationTest"/>
</testsuite> <!-- testcases.ApplicationTest -->
