<?xml version="1.0" encoding="UTF-8"?>
<!-- Generated by org.testng.reporters.JUnitReportReporter -->
<testsuite skipped="0" hostname="IE3BLTH62GSC2" name="testcases.ParameterizedTest1" tests="1" failures="0" timestamp="5 Jul 2017 04:56:43 GMT" time="0.019" errors="0">
  <testcase name="parameterTest" time="0.019" classname="testcases.ParameterizedTest1"/>
</testsuite> <!-- testcases.ParameterizedTest1 -->
