<?xml version="1.0" encoding="UTF-8"?>
<!-- Generated by org.testng.reporters.JUnitReportReporter -->
<testsuite skipped="0" hostname="IE3BLTH62GSC2" name="testcases.RegTest" tests="1" failures="0" timestamp="9 Mar 2017 06:19:43 GMT" time="0.016" errors="0">
  <testcase name="doRegisterTest" time="0.016" classname="testcases.RegTest"/>
</testsuite> <!-- testcases.RegTest -->
