<?xml version="1.0" encoding="UTF-8"?>
<!-- Generated by org.testng.reporters.JUnitReportReporter -->
<testsuite skipped="0" hostname="IE3BLTH62GSC2" name="POM.MPC" tests="2" failures="0" timestamp="27 Jun 2017 12:28:43 GMT" time="30.647" errors="0">
  <testcase name="VerifyLogin" time="30.187" classname="POM.MPC"/>
  <testcase name="VerifyLogout" time="0.460" classname="POM.MPC"/>
</testsuite> <!-- POM.MPC -->
