<?xml version="1.0" encoding="UTF-8"?>
<!-- Generated by org.testng.reporters.JUnitReportReporter -->
<testsuite skipped="0" hostname="IE3BLTH62GSC2" name="testcases.Assert" tests="2" failures="0" timestamp="10 Mar 2017 11:20:42 GMT" time="0.014" errors="0">
  <testcase name="hardassert" time="0.011" classname="testcases.Assert"/>
  <testcase name="softassert" time="0.003" classname="testcases.Assert"/>
</testsuite> <!-- testcases.Assert -->
